0 info it worked if it ends with ok
1 verbose cli [ 'node',
1 verbose cli   '/usr/local/bin/npm',
1 verbose cli   'install',
1 verbose cli   '--save-dev',
1 verbose cli   'foundation' ]
2 info using npm@3.3.3
3 info using node@v0.12.4
4 verbose node symlink /usr/local/bin/node
5 silly loadCurrentTree Starting
6 silly install loadCurrentTree
7 silly install readLocalPackageData
8 silly fetchPackageMetaData foundation
9 silly fetchNamedPackageData foundation
10 silly mapToRegistry name foundation
11 silly mapToRegistry using default registry
12 silly mapToRegistry registry https://registry.npmjs.org/
13 silly mapToRegistry uri https://registry.npmjs.org/foundation
14 verbose request uri https://registry.npmjs.org/foundation
15 verbose request no auth needed
16 info attempt registry request try #1 at 00:04:30
17 verbose request id acdb9cd1033c8db8
18 http request GET https://registry.npmjs.org/foundation
19 http 200 https://registry.npmjs.org/foundation
20 silly get cb [ 200,
20 silly get   { server: 'CouchDB/1.5.0 (Erlang OTP/R16B03)',
20 silly get     etag: '"5JD60DGRP9PRJ9JN2NQ8F28XB"',
20 silly get     'content-type': 'application/json',
20 silly get     'cache-control': 'max-age=60',
20 silly get     'content-length': '156007',
20 silly get     'accept-ranges': 'bytes',
20 silly get     date: 'Sat, 31 Oct 2015 04:04:31 GMT',
20 silly get     via: '1.1 varnish',
20 silly get     age: '0',
20 silly get     connection: 'keep-alive',
20 silly get     'x-served-by': 'cache-jfk1035-JFK',
20 silly get     'x-cache': 'MISS',
20 silly get     'x-cache-hits': '0',
20 silly get     'x-timer': 'S1446264271.073768,VS0,VE128',
20 silly get     vary: 'Accept' } ]
21 verbose get saving foundation to /Users/pnitto/.npm/registry.npmjs.org/foundation/.cache.json
22 silly install normalizeTree
23 silly loadCurrentTree Finishing
24 silly loadIdealTree Starting
25 silly install loadIdealTree
26 silly cloneCurrentTree Starting
27 silly install cloneCurrentTreeToIdealTree
28 silly cloneCurrentTree Finishing
29 silly loadShrinkwrap Starting
30 silly install loadShrinkwrap
31 silly loadShrinkwrap Finishing
32 silly loadAllDepsIntoIdealTree Starting
33 silly install loadAllDepsIntoIdealTree
34 silly resolveWithNewModule foundation@4.1.6 checking installable status
35 silly cache add args [ 'foundation', null ]
36 verbose cache add spec foundation
37 silly cache add parsed spec { raw: 'foundation',
37 silly cache add   scope: null,
37 silly cache add   name: 'foundation',
37 silly cache add   rawSpec: '',
37 silly cache add   spec: '*',
37 silly cache add   type: 'range' }
38 silly addNamed foundation@*
39 verbose addNamed "*" is a valid semver range for foundation
40 silly addNameRange { name: 'foundation', range: '*', hasData: false }
41 silly mapToRegistry name foundation
42 silly mapToRegistry using default registry
43 silly mapToRegistry registry https://registry.npmjs.org/
44 silly mapToRegistry uri https://registry.npmjs.org/foundation
45 verbose addNameRange registry:https://registry.npmjs.org/foundation not in flight; fetching
46 verbose get https://registry.npmjs.org/foundation not expired, no request
47 silly addNameRange number 2 { name: 'foundation', range: '*', hasData: true }
48 silly addNameRange versions [ 'foundation',
48 silly addNameRange   [ '4.0.0-wip',
48 silly addNameRange     '4.1.1',
48 silly addNameRange     '4.1.1-s1',
48 silly addNameRange     '4.1.1-s2',
48 silly addNameRange     '4.1.2',
48 silly addNameRange     '4.1.2-stylus1',
48 silly addNameRange     '4.1.2-stylus2',
48 silly addNameRange     '4.1.3',
48 silly addNameRange     '4.1.5',
48 silly addNameRange     '4.1.5-1',
48 silly addNameRange     '4.1.5-2',
48 silly addNameRange     '4.1.6',
48 silly addNameRange     '4.1.6-1',
48 silly addNameRange     '4.1.6-2',
48 silly addNameRange     '4.1.6-3',
48 silly addNameRange     '4.1.6-4',
48 silly addNameRange     '4.1.6-5',
48 silly addNameRange     '4.2.1',
48 silly addNameRange     '4.2.1-1' ] ]
49 silly addNamed foundation@4.2.1
50 verbose addNamed "4.2.1" is a plain semver version for foundation
51 silly mapToRegistry name foundation
52 silly mapToRegistry using default registry
53 silly mapToRegistry registry https://registry.npmjs.org/
54 silly mapToRegistry uri https://registry.npmjs.org/foundation
55 verbose addRemoteTarball https://registry.npmjs.org/foundation/-/foundation-4.2.1.tgz not in flight; adding
56 verbose addRemoteTarball [ 'https://registry.npmjs.org/foundation/-/foundation-4.2.1.tgz',
56 verbose addRemoteTarball   'f2646e6520c678f9f7302a68f3031220f44d5e7e' ]
57 info retry fetch attempt 1 at 00:04:37
58 info attempt registry request try #1 at 00:04:37
59 http fetch GET https://registry.npmjs.org/foundation/-/foundation-4.2.1.tgz
60 http fetch 200 https://registry.npmjs.org/foundation/-/foundation-4.2.1.tgz
61 silly fetchAndShaCheck shasum f2646e6520c678f9f7302a68f3031220f44d5e7e
62 verbose addTmpTarball /var/folders/y2/ghn5m0zs5lb2_897dwng7y1c0000gn/T/npm-10583-462b4a0f/registry.npmjs.org/foundation/-/foundation-4.2.1.tgz not in flight; adding
63 verbose addTmpTarball already have metadata; skipping unpack for foundation@4.2.1
64 silly cache afterAdd foundation@4.2.1
65 verbose afterAdd /Users/pnitto/.npm/foundation/4.2.1/package/package.json not in flight; writing
66 verbose afterAdd /Users/pnitto/.npm/foundation/4.2.1/package/package.json written
67 silly rollbackFailedOptional Starting
68 silly rollbackFailedOptional Finishing
69 silly runTopLevelLifecycles Starting
70 silly runTopLevelLifecycles Finishing
71 silly install printInstalled
72 verbose stack Error: Error extracting /Users/pnitto/.npm/foundation/4.1.6/package.tgz archive: ENOENT, open '/Users/pnitto/.npm/foundation/4.1.6/package.tgz'
72 verbose stack     at ReadStream.<anonymous> (/usr/local/lib/node_modules/npm/lib/fetch-package-metadata.js:276:10)
72 verbose stack     at ReadStream.emit (events.js:107:17)
72 verbose stack     at /usr/local/lib/node_modules/npm/node_modules/graceful-fs/graceful-fs.js:179:14
72 verbose stack     at /usr/local/lib/node_modules/npm/node_modules/graceful-fs/graceful-fs.js:230:16
72 verbose stack     at FSReqWrap.oncomplete (fs.js:95:15)
73 verbose cwd /Users/pnitto/Desktop/Front_End/Final_Project
74 error Darwin 14.4.0
75 error argv "node" "/usr/local/bin/npm" "install" "--save-dev" "foundation"
76 error node v0.12.4
77 error npm  v3.3.3
78 error code EREADFILE
79 error Error extracting /Users/pnitto/.npm/foundation/4.1.6/package.tgz archive: ENOENT, open '/Users/pnitto/.npm/foundation/4.1.6/package.tgz'
80 error If you need help, you may report this error at:
80 error     <https://github.com/npm/npm/issues>
81 verbose exit [ 1, true ]
